<?xml version="1.0" encoding="UTF-8"?>
<testsuite xmlns:xsi="http://www.w3.org/2001/XMLSchema-instance" xsi:noNamespaceSchemaLocation="https://maven.apache.org/surefire/maven-surefire-plugin/xsd/surefire-test-report.xsd" name="examples.pet.PetRunner" time="10.062" tests="3" errors="0" skipped="0" failures="0">
  <properties>
[...]
</properties>
  <testcase name="testPets[1][1]" classname="examples.pet.PetRunner" time="4.96"/>
  <testcase name="testPets[1][2]" classname="examples.pet.PetRunner" time="0.568"/>
  <testcase name="testPets[1][3]" classname="examples.pet.PetRunner" time="2.585"/>
</testsuite>